[db:load_config ] started
[db:load_config ] finished
[db:migrate ] started
  [1m[36m (54.5ms)[0m  [1mCREATE TABLE "schema_migrations" ("version" character varying NOT NULL) [0m
  [1m[35m (8.0ms)[0m  CREATE UNIQUE INDEX  "unique_schema_migrations" ON "schema_migrations"  ("version")
  [1m[36mActiveRecord::SchemaMigration Load (0.5ms)[0m  [1mSELECT "schema_migrations".* FROM "schema_migrations"[0m
Migrating to CreateBlogs (20170508060714)
  [1m[35m (0.2ms)[0m  BEGIN
  [1m[36m (42.5ms)[0m  [1mCREATE TABLE "blogs" ("id" serial primary key, "title" character varying, "content" text, "created_at" timestamp NOT NULL, "updated_at" timestamp NOT NULL) [0m
  [1m[35mSQL (6.6ms)[0m  INSERT INTO "schema_migrations" ("version") VALUES ($1)  [["version", "20170508060714"]]
  [1m[36m (6.4ms)[0m  [1mCOMMIT[0m
Migrating to DeviseCreateUsers (20170508064329)
  [1m[35m (6.0ms)[0m  BEGIN
  [1m[36m (18.0ms)[0m  [1mCREATE TABLE "users" ("id" serial primary key, "email" character varying DEFAULT '' NOT NULL, "encrypted_password" character varying DEFAULT '' NOT NULL, "reset_password_token" character varying, "reset_password_sent_at" timestamp, "remember_created_at" timestamp, "sign_in_count" integer DEFAULT 0 NOT NULL, "current_sign_in_at" timestamp, "last_sign_in_at" timestamp, "current_sign_in_ip" inet, "last_sign_in_ip" inet, "created_at" timestamp NOT NULL, "updated_at" timestamp NOT NULL) [0m
  [1m[35m (2.9ms)[0m  CREATE UNIQUE INDEX  "index_users_on_email" ON "users"  ("email")
  [1m[36m (2.4ms)[0m  [1mCREATE UNIQUE INDEX  "index_users_on_reset_password_token" ON "users"  ("reset_password_token")[0m
  [1m[35mSQL (0.1ms)[0m  INSERT INTO "schema_migrations" ("version") VALUES ($1)  [["version", "20170508064329"]]
  [1m[36m (3.1ms)[0m  [1mCOMMIT[0m
Migrating to AddNameToUsers (20170508080707)
  [1m[35m (0.8ms)[0m  BEGIN
  [1m[36m (1.5ms)[0m  [1mALTER TABLE "users" ADD "name" character varying[0m
  [1m[35mSQL (0.2ms)[0m  INSERT INTO "schema_migrations" ("version") VALUES ($1)  [["version", "20170508080707"]]
  [1m[36m (2.5ms)[0m  [1mCOMMIT[0m
Migrating to AddUserIdToBlogs (20170508080808)
  [1m[35m (0.1ms)[0m  BEGIN
  [1m[36m (0.3ms)[0m  [1mALTER TABLE "blogs" ADD "user_id" integer[0m
  [1m[35mSQL (0.1ms)[0m  INSERT INTO "schema_migrations" ("version") VALUES ($1)  [["version", "20170508080808"]]
  [1m[36m (2.2ms)[0m  [1mCOMMIT[0m
Migrating to AddConfirmableToDevise (20170508080839)
  [1m[35m (0.1ms)[0m  BEGIN
  [1m[36m (0.2ms)[0m  [1mALTER TABLE "users" ADD "confirmation_token" character varying[0m
  [1m[35m (0.2ms)[0m  ALTER TABLE "users" ADD "confirmed_at" timestamp
  [1m[36m (0.2ms)[0m  [1mALTER TABLE "users" ADD "confirmation_sent_at" timestamp[0m
  [1m[35m (0.2ms)[0m  ALTER TABLE "users" ADD "unconfirmed_email" character varying
  [1m[36m (2.8ms)[0m  [1mCREATE UNIQUE INDEX  "index_users_on_confirmation_token" ON "users"  ("confirmation_token")[0m
  [1m[35m (4.8ms)[0m  UPDATE users SET confirmed_at = NOW()
  [1m[36mSQL (0.1ms)[0m  [1mINSERT INTO "schema_migrations" ("version") VALUES ($1)[0m  [["version", "20170508080839"]]
  [1m[35m (2.1ms)[0m  COMMIT
Migrating to AddAdminToUser (20170508080942)
  [1m[36m (0.1ms)[0m  [1mBEGIN[0m
  [1m[35m (31.0ms)[0m  ALTER TABLE "users" ADD "admin" boolean DEFAULT 'f'
  [1m[36mSQL (0.1ms)[0m  [1mINSERT INTO "schema_migrations" ("version") VALUES ($1)[0m  [["version", "20170508080942"]]
  [1m[35m (2.6ms)[0m  COMMIT
Migrating to AddOmmiauthColumnsToUsers (20170508083024)
uninitialized constant AddOmmiauthColumnsToUsers
